[ 2017-11-08T11:10:07+08:00 ] 127.0.0.1 /php/thinkphp/Api/index
INFO: [ app_init ] --START--
INFO: Run Behavior\BuildLiteBehavior [ RunTime:0.000013s ]
INFO: [ app_init ] --END-- [ RunTime:0.000631s ]
INFO: [ app_begin ] --START--
INFO: Run Behavior\ReadHtmlCacheBehavior [ RunTime:0.000830s ]
INFO: [ app_begin ] --END-- [ RunTime:0.000871s ]
SQL: SHOW COLUMNS FROM `user` [ RunTime:0.0351s ]
INFO: [ view_parse ] --START--
INFO: [ template_filter ] --START--
INFO: Run Behavior\ContentReplaceBehavior [ RunTime:0.000082s ]
INFO: [ template_filter ] --END-- [ RunTime:0.000201s ]
INFO: Run Behavior\ParseTemplateBehavior [ RunTime:0.026148s ]
INFO: [ view_parse ] --END-- [ RunTime:0.026267s ]
INFO: [ view_filter ] --START--
INFO: Run Behavior\WriteHtmlCacheBehavior [ RunTime:0.001255s ]
INFO: [ view_filter ] --END-- [ RunTime:0.001325s ]
INFO: [ app_end ] --START--
INFO: Run Behavior\ShowPageTraceBehavior [ RunTime:0.001766s ]
INFO: [ app_end ] --END-- [ RunTime:0.001840s ]

[ 2017-11-08T11:13:31+08:00 ] 127.0.0.1 /php/thinkphp/Api/index
INFO: [ app_init ] --START--
INFO: Run Behavior\BuildLiteBehavior [ RunTime:0.000014s ]
INFO: [ app_init ] --END-- [ RunTime:0.000595s ]
INFO: [ app_begin ] --START--
INFO: Run Behavior\ReadHtmlCacheBehavior [ RunTime:0.001265s ]
INFO: [ app_begin ] --END-- [ RunTime:0.001352s ]
SQL: SHOW COLUMNS FROM `user` [ RunTime:0.0239s ]

[ 2017-11-08T11:14:05+08:00 ] 127.0.0.1 /php/thinkphp/Api/index
INFO: [ app_init ] --START--
INFO: Run Behavior\BuildLiteBehavior [ RunTime:0.000012s ]
INFO: [ app_init ] --END-- [ RunTime:0.000533s ]
INFO: [ app_begin ] --START--
INFO: Run Behavior\ReadHtmlCacheBehavior [ RunTime:0.000682s ]
INFO: [ app_begin ] --END-- [ RunTime:0.000720s ]
SQL: SHOW COLUMNS FROM `user` [ RunTime:0.0713s ]

[ 2017-11-08T11:14:11+08:00 ] 127.0.0.1 /php/thinkphp/Api/index
INFO: [ app_init ] --START--
INFO: Run Behavior\BuildLiteBehavior [ RunTime:0.000013s ]
INFO: [ app_init ] --END-- [ RunTime:0.000523s ]
INFO: [ app_begin ] --START--
INFO: Run Behavior\ReadHtmlCacheBehavior [ RunTime:0.000655s ]
INFO: [ app_begin ] --END-- [ RunTime:0.000693s ]
SQL: SHOW COLUMNS FROM `user` [ RunTime:0.0786s ]

[ 2017-11-08T11:14:55+08:00 ] 127.0.0.1 /php/thinkphp/Api/index
INFO: [ app_init ] --START--
INFO: Run Behavior\BuildLiteBehavior [ RunTime:0.000012s ]
INFO: [ app_init ] --END-- [ RunTime:0.000515s ]
INFO: [ app_begin ] --START--
INFO: Run Behavior\ReadHtmlCacheBehavior [ RunTime:0.000667s ]
INFO: [ app_begin ] --END-- [ RunTime:0.000707s ]
SQL: SHOW COLUMNS FROM `user` [ RunTime:0.0197s ]

[ 2017-11-08T11:15:45+08:00 ] 127.0.0.1 /php/thinkphp/Api/index
INFO: [ app_init ] --START--
INFO: Run Behavior\BuildLiteBehavior [ RunTime:0.000013s ]
INFO: [ app_init ] --END-- [ RunTime:0.000630s ]
INFO: [ app_begin ] --START--
INFO: Run Behavior\ReadHtmlCacheBehavior [ RunTime:0.000885s ]
INFO: [ app_begin ] --END-- [ RunTime:0.000930s ]
SQL: SHOW COLUMNS FROM `user` [ RunTime:0.0382s ]

[ 2017-11-08T11:17:34+08:00 ] 127.0.0.1 /php/thinkphp/Api/index
INFO: [ app_init ] --START--
INFO: Run Behavior\BuildLiteBehavior [ RunTime:0.000019s ]
INFO: [ app_init ] --END-- [ RunTime:0.000878s ]
INFO: [ app_begin ] --START--
INFO: Run Behavior\ReadHtmlCacheBehavior [ RunTime:0.001095s ]
INFO: [ app_begin ] --END-- [ RunTime:0.001145s ]
SQL: SHOW COLUMNS FROM `user` [ RunTime:0.0684s ]

[ 2017-11-08T11:20:49+08:00 ] 127.0.0.1 /php/thinkphp/Api/index
INFO: [ app_init ] --START--
INFO: Run Behavior\BuildLiteBehavior [ RunTime:0.000013s ]
INFO: [ app_init ] --END-- [ RunTime:0.000583s ]
INFO: [ app_begin ] --START--
INFO: Run Behavior\ReadHtmlCacheBehavior [ RunTime:0.000795s ]
INFO: [ app_begin ] --END-- [ RunTime:0.000834s ]
SQL: SHOW COLUMNS FROM `user` [ RunTime:0.0683s ]

[ 2017-11-08T11:25:00+08:00 ] 127.0.0.1 /php/thinkphp/Api/index
INFO: [ app_init ] --START--
INFO: Run Behavior\BuildLiteBehavior [ RunTime:0.000020s ]
INFO: [ app_init ] --END-- [ RunTime:0.000706s ]
INFO: [ app_begin ] --START--
INFO: Run Behavior\ReadHtmlCacheBehavior [ RunTime:0.001177s ]
INFO: [ app_begin ] --END-- [ RunTime:0.001236s ]
SQL: SHOW COLUMNS FROM `user` [ RunTime:0.0145s ]
SQL: INSERT INTO `user` (`userName`) VALUES ('name1') [ RunTime:0.0016s ]

[ 2017-11-08T11:26:01+08:00 ] 127.0.0.1 /php/thinkphp/Api/index
INFO: [ app_init ] --START--
INFO: Run Behavior\BuildLiteBehavior [ RunTime:0.000013s ]
INFO: [ app_init ] --END-- [ RunTime:0.000523s ]
INFO: [ app_begin ] --START--
INFO: Run Behavior\ReadHtmlCacheBehavior [ RunTime:0.000660s ]
INFO: [ app_begin ] --END-- [ RunTime:0.000697s ]
SQL: SHOW COLUMNS FROM `user` [ RunTime:0.0150s ]
SQL: INSERT INTO `user` (`userName`,`password`) VALUES ('name2','111') [ RunTime:0.0009s ]

[ 2017-11-08T11:30:51+08:00 ] 127.0.0.1 /php/thinkphp/Api/index
INFO: [ app_init ] --START--
INFO: Run Behavior\BuildLiteBehavior [ RunTime:0.000012s ]
INFO: [ app_init ] --END-- [ RunTime:0.000604s ]
INFO: [ app_begin ] --START--
INFO: Run Behavior\ReadHtmlCacheBehavior [ RunTime:0.000784s ]
INFO: [ app_begin ] --END-- [ RunTime:0.000822s ]
SQL: SHOW COLUMNS FROM `user` [ RunTime:0.0686s ]

[ 2017-11-08T11:35:04+08:00 ] 127.0.0.1 /php/thinkphp/Api/index
INFO: [ app_init ] --START--
INFO: Run Behavior\BuildLiteBehavior [ RunTime:0.000012s ]
INFO: [ app_init ] --END-- [ RunTime:0.000590s ]
INFO: [ app_begin ] --START--
INFO: Run Behavior\ReadHtmlCacheBehavior [ RunTime:0.000908s ]
INFO: [ app_begin ] --END-- [ RunTime:0.000947s ]
SQL: SHOW COLUMNS FROM `user` [ RunTime:0.0185s ]
SQL: INSERT INTO `user` (`userName`,`password`) VALUES ('name3','111') [ RunTime:0.0010s ]

[ 2017-11-08T11:38:21+08:00 ] 127.0.0.1 /php/thinkphp/Api/login
INFO: [ app_init ] --START--
INFO: Run Behavior\BuildLiteBehavior [ RunTime:0.000011s ]
INFO: [ app_init ] --END-- [ RunTime:0.000586s ]
INFO: [ app_begin ] --START--
INFO: Run Behavior\ReadHtmlCacheBehavior [ RunTime:0.000917s ]
INFO: [ app_begin ] --END-- [ RunTime:0.000957s ]
SQL: SHOW COLUMNS FROM `user` [ RunTime:0.0738s ]
SQL: INSERT INTO `user` (`userName`,`password`) VALUES ('name4','111') [ RunTime:0.0008s ]

[ 2017-11-08T11:42:06+08:00 ] 127.0.0.1 /php/thinkphp/Api/login
INFO: [ app_init ] --START--
INFO: Run Behavior\BuildLiteBehavior [ RunTime:0.000012s ]
INFO: [ app_init ] --END-- [ RunTime:0.000567s ]
INFO: [ app_begin ] --START--
INFO: Run Behavior\ReadHtmlCacheBehavior [ RunTime:0.000898s ]
INFO: [ app_begin ] --END-- [ RunTime:0.000936s ]
SQL: SHOW COLUMNS FROM `user` [ RunTime:0.0145s ]
SQL: INSERT INTO `user` (`userName`,`password`) VALUES ('name4','111') [ RunTime:0.0007s ]

[ 2017-11-08T11:42:38+08:00 ] 127.0.0.1 /php/thinkphp/Api/login
INFO: [ app_init ] --START--
INFO: Run Behavior\BuildLiteBehavior [ RunTime:0.000012s ]
INFO: [ app_init ] --END-- [ RunTime:0.000586s ]
INFO: [ app_begin ] --START--
INFO: Run Behavior\ReadHtmlCacheBehavior [ RunTime:0.000976s ]
INFO: [ app_begin ] --END-- [ RunTime:0.001029s ]

[ 2017-11-08T11:42:57+08:00 ] 127.0.0.1 /php/thinkphp/Api/login
INFO: [ app_init ] --START--
INFO: Run Behavior\BuildLiteBehavior [ RunTime:0.000014s ]
INFO: [ app_init ] --END-- [ RunTime:0.000619s ]
INFO: [ app_begin ] --START--
INFO: Run Behavior\ReadHtmlCacheBehavior [ RunTime:0.000680s ]
INFO: [ app_begin ] --END-- [ RunTime:0.000722s ]

[ 2017-11-08T11:46:02+08:00 ] 127.0.0.1 /php/thinkphp/Api/login
INFO: [ app_init ] --START--
INFO: Run Behavior\BuildLiteBehavior [ RunTime:0.000039s ]
INFO: [ app_init ] --END-- [ RunTime:0.000633s ]
INFO: [ app_begin ] --START--
INFO: Run Behavior\ReadHtmlCacheBehavior [ RunTime:0.000811s ]
INFO: [ app_begin ] --END-- [ RunTime:0.000848s ]
SQL: SHOW COLUMNS FROM `user` [ RunTime:0.0556s ]
ERR: 1054:Unknown column 'name4' in 'where clause'
 [ SQL语句 ] : SELECT * FROM `user` WHERE ( userName=name4 ) LIMIT 1  
ERR: 1054:Unknown column 'name4' in 'where clause'
 [ SQL语句 ] : SELECT * FROM `user` WHERE ( userName=name4 ) LIMIT 1  

[ 2017-11-08T11:48:05+08:00 ] 127.0.0.1 /php/thinkphp/Api/login
INFO: [ app_init ] --START--
INFO: Run Behavior\BuildLiteBehavior [ RunTime:0.000012s ]
INFO: [ app_init ] --END-- [ RunTime:0.000576s ]
INFO: [ app_begin ] --START--
INFO: Run Behavior\ReadHtmlCacheBehavior [ RunTime:0.001091s ]
INFO: [ app_begin ] --END-- [ RunTime:0.001141s ]
SQL: SHOW COLUMNS FROM `user` [ RunTime:0.0156s ]
SQL: SELECT * FROM `user` WHERE `userName` = 'name4' LIMIT 1   [ RunTime:0.0008s ]

[ 2017-11-08T11:49:14+08:00 ] 127.0.0.1 /php/thinkphp/Api/login
INFO: [ app_init ] --START--
INFO: Run Behavior\BuildLiteBehavior [ RunTime:0.000013s ]
INFO: [ app_init ] --END-- [ RunTime:0.000543s ]
INFO: [ app_begin ] --START--
INFO: Run Behavior\ReadHtmlCacheBehavior [ RunTime:0.000669s ]
INFO: [ app_begin ] --END-- [ RunTime:0.000705s ]
SQL: SHOW COLUMNS FROM `user` [ RunTime:0.0280s ]
SQL: SELECT * FROM `user` WHERE `userName` = 'name4' LIMIT 1   [ RunTime:0.0008s ]

[ 2017-11-08T11:49:39+08:00 ] 127.0.0.1 /php/thinkphp/Api/index
INFO: [ app_init ] --START--
INFO: Run Behavior\BuildLiteBehavior [ RunTime:0.000012s ]
INFO: [ app_init ] --END-- [ RunTime:0.000531s ]
INFO: [ app_begin ] --START--
INFO: Run Behavior\ReadHtmlCacheBehavior [ RunTime:0.000654s ]
INFO: [ app_begin ] --END-- [ RunTime:0.000691s ]
SQL: SHOW COLUMNS FROM `user` [ RunTime:0.0670s ]

[ 2017-11-08T11:53:29+08:00 ] 127.0.0.1 /php/thinkphp/Api/index
INFO: [ app_init ] --START--
INFO: Run Behavior\BuildLiteBehavior [ RunTime:0.000014s ]
INFO: [ app_init ] --END-- [ RunTime:0.000684s ]
INFO: [ app_begin ] --START--
INFO: Run Behavior\ReadHtmlCacheBehavior [ RunTime:0.000833s ]
INFO: [ app_begin ] --END-- [ RunTime:0.000877s ]
SQL: SHOW COLUMNS FROM `user` [ RunTime:0.0172s ]
SQL: INSERT INTO `user` (`userName`,`password`) VALUES ('name2','222') [ RunTime:0.0008s ]

[ 2017-11-08T11:53:43+08:00 ] 127.0.0.1 /php/thinkphp/Api/index
INFO: [ app_init ] --START--
INFO: Run Behavior\BuildLiteBehavior [ RunTime:0.000020s ]
INFO: [ app_init ] --END-- [ RunTime:0.000757s ]
INFO: [ app_begin ] --START--
INFO: Run Behavior\ReadHtmlCacheBehavior [ RunTime:0.000681s ]
INFO: [ app_begin ] --END-- [ RunTime:0.000720s ]
SQL: SHOW COLUMNS FROM `user` [ RunTime:0.0140s ]
SQL: INSERT INTO `user` (`userName`,`password`) VALUES ('name2','222') [ RunTime:0.0007s ]

[ 2017-11-08T11:55:22+08:00 ] 127.0.0.1 /php/thinkphp/Api/editpwd
INFO: [ app_init ] --START--
INFO: Run Behavior\BuildLiteBehavior [ RunTime:0.000012s ]
INFO: [ app_init ] --END-- [ RunTime:0.000542s ]
INFO: [ app_begin ] --START--
INFO: Run Behavior\ReadHtmlCacheBehavior [ RunTime:0.000708s ]
INFO: [ app_begin ] --END-- [ RunTime:0.000756s ]
SQL: SHOW COLUMNS FROM `user` [ RunTime:0.0174s ]
SQL: SELECT * FROM `user` WHERE `userName` = 'name2' AND `password` = '111' LIMIT 1   [ RunTime:0.0010s ]
SQL: UPDATE `user` SET `userName`='name2',`password`='222' WHERE `userName` = 'name2' AND `password` = '111' [ RunTime:0.0009s ]

[ 2017-11-08T11:55:31+08:00 ] 127.0.0.1 /php/thinkphp/Api/editpwd
INFO: [ app_init ] --START--
INFO: Run Behavior\BuildLiteBehavior [ RunTime:0.000011s ]
INFO: [ app_init ] --END-- [ RunTime:0.000624s ]
INFO: [ app_begin ] --START--
INFO: Run Behavior\ReadHtmlCacheBehavior [ RunTime:0.000816s ]
INFO: [ app_begin ] --END-- [ RunTime:0.000854s ]
SQL: SHOW COLUMNS FROM `user` [ RunTime:0.0144s ]
SQL: SELECT * FROM `user` WHERE `userName` = 'name2' AND `password` = '111' LIMIT 1   [ RunTime:0.0008s ]

[ 2017-11-08T11:55:57+08:00 ] 127.0.0.1 /php/thinkphp/Api/editpwd
INFO: [ app_init ] --START--
INFO: Run Behavior\BuildLiteBehavior [ RunTime:0.000013s ]
INFO: [ app_init ] --END-- [ RunTime:0.000566s ]
INFO: [ app_begin ] --START--
INFO: Run Behavior\ReadHtmlCacheBehavior [ RunTime:0.000697s ]
INFO: [ app_begin ] --END-- [ RunTime:0.000735s ]
SQL: SHOW COLUMNS FROM `user` [ RunTime:0.0134s ]
SQL: SELECT * FROM `user` WHERE `userName` = 'name2' AND `password` = '111' LIMIT 1   [ RunTime:0.0009s ]

[ 2017-11-08T11:56:13+08:00 ] 127.0.0.1 /php/thinkphp/Api/editpwd
INFO: [ app_init ] --START--
INFO: Run Behavior\BuildLiteBehavior [ RunTime:0.000012s ]
INFO: [ app_init ] --END-- [ RunTime:0.000547s ]
INFO: [ app_begin ] --START--
INFO: Run Behavior\ReadHtmlCacheBehavior [ RunTime:0.000677s ]
INFO: [ app_begin ] --END-- [ RunTime:0.000729s ]
SQL: SHOW COLUMNS FROM `user` [ RunTime:0.0128s ]
SQL: SELECT * FROM `user` WHERE `userName` = 'name2' AND `password` = '222' LIMIT 1   [ RunTime:0.0008s ]
SQL: UPDATE `user` SET `userName`='name2',`password`='333' WHERE `userName` = 'name2' AND `password` = '222' [ RunTime:0.0008s ]

[ 2017-11-08T11:56:25+08:00 ] 127.0.0.1 /php/thinkphp/Api/editpwd
INFO: [ app_init ] --START--
INFO: Run Behavior\BuildLiteBehavior [ RunTime:0.000064s ]
INFO: [ app_init ] --END-- [ RunTime:0.000666s ]
INFO: [ app_begin ] --START--
INFO: Run Behavior\ReadHtmlCacheBehavior [ RunTime:0.000672s ]
INFO: [ app_begin ] --END-- [ RunTime:0.000713s ]
SQL: SHOW COLUMNS FROM `user` [ RunTime:0.0153s ]
SQL: SELECT * FROM `user` WHERE `userName` = 'name2' AND `password` = '333' LIMIT 1   [ RunTime:0.0007s ]
SQL: UPDATE `user` SET `userName`='name2',`password`='222' WHERE `userName` = 'name2' AND `password` = '333' [ RunTime:0.0007s ]

[ 2017-11-08T12:03:47+08:00 ] 127.0.0.1 /php/thinkphp/Api/login
INFO: [ app_init ] --START--
INFO: Run Behavior\BuildLiteBehavior [ RunTime:0.000013s ]
INFO: [ app_init ] --END-- [ RunTime:0.000584s ]
INFO: [ app_begin ] --START--
INFO: Run Behavior\ReadHtmlCacheBehavior [ RunTime:0.000908s ]
INFO: [ app_begin ] --END-- [ RunTime:0.000947s ]
SQL: SHOW COLUMNS FROM `user` [ RunTime:0.0157s ]
SQL: SELECT * FROM `user` WHERE `userName` = 'name3' AND `password` = '1111' LIMIT 1   [ RunTime:0.0010s ]

[ 2017-11-08T12:03:51+08:00 ] 127.0.0.1 /php/thinkphp/Api/login
INFO: [ app_init ] --START--
INFO: Run Behavior\BuildLiteBehavior [ RunTime:0.000012s ]
INFO: [ app_init ] --END-- [ RunTime:0.000580s ]
INFO: [ app_begin ] --START--
INFO: Run Behavior\ReadHtmlCacheBehavior [ RunTime:0.000905s ]
INFO: [ app_begin ] --END-- [ RunTime:0.000945s ]
SQL: SHOW COLUMNS FROM `user` [ RunTime:0.0160s ]
SQL: SELECT * FROM `user` WHERE `userName` = 'name3' AND `password` = '111' LIMIT 1   [ RunTime:0.0008s ]

[ 2017-11-08T12:05:30+08:00 ] 127.0.0.1 /php/thinkphp/Api/login
INFO: [ app_init ] --START--
INFO: Run Behavior\BuildLiteBehavior [ RunTime:0.000014s ]
INFO: [ app_init ] --END-- [ RunTime:0.000602s ]
INFO: [ app_begin ] --START--
INFO: Run Behavior\ReadHtmlCacheBehavior [ RunTime:0.000911s ]
INFO: [ app_begin ] --END-- [ RunTime:0.000950s ]
SQL: SHOW COLUMNS FROM `user` [ RunTime:0.0108s ]
SQL: SELECT * FROM `user` WHERE `userName` = 'name3' AND `password` = '111' LIMIT 1   [ RunTime:0.0008s ]

